机械制造的假饵于532岁10月在混沌之塔《觉醒》生成了。
有翼的梦幻之枪于532岁10月在混沌之塔生成了。
被封印的盾于532岁10月在混沌之塔生成了。
带有暗黑气息的法杖于532岁11月在伊尔瓦神立图书馆生成了。
逐风之长弓于532岁11月在自家生成了。
神的光玉于532岁11月在自家生成了。
蓝色胶囊于532岁11月在平地生成了。
疯狂的霞弹枪于532岁11月在20阶大房间生成了。
刺人的盾于532岁11月在混沌巨城生成了。
水晶球的首饰于532岁11月在沉睡的神舰・船坞生成了。
蓝色的雷电之弓于532岁11月在25阶大房间生成了。
钢铁的戒指于532岁11月在巢穴生成了。
超弩级机械弩于532岁11月在自家生成了。
女神的雕像于532岁12月在诺耶尔生成了。
神圣之枪于532岁12月在自家生成了。
弩之链坠于532岁12月在森生成了。
有翼的梦幻之枪于532岁12月在不归之塔生成了。
有翼的梦幻之枪于532岁12月在不归之塔生成了。
有翼的梦幻之枪于532岁12月在不归之塔生成了。
有翼的梦幻之枪于532岁12月在不归之塔生成了。
沉重的手杖于532岁12月在混沌巨城生成了。
荆棘之鞭于532岁12月在混沌巨城生成了。
多功能工兵铲于532岁12月在混沌巨城生成了。
蓝色的爪于532岁12月在30阶大房间生成了。
荆棘之鞭于532岁12月在混沌巨城生成了。
连击之旋棍于532岁12月在混沌巨城生成了。
将风撕裂的战斧于532岁12月在混沌巨城生成了。
脉动着的弓于532岁12月在乌鲁姆・莱纵生成了。
为风所缠的短剑于532岁12月在乌鲁姆・莱纵生成了。
撕裂神之刃于532岁12月在阿摩利的暗牢生成了。
将风撕裂的战斧于532岁12月在阿摩利的暗牢生成了。
蓝色的雷电之弓于532岁12月在阿摩利的暗牢生成了。
机械制造的假饵于532年12月在龙窟被阿玛恩纳拿到手了。
透明的钥匙于532年12月在不归之湖被内尔茨卡尔拿到手了。
龙鳞之棍于533岁1月在街道附近生成了。
超硬度长葱于533岁1月在派对室生成了。
超硬度长葱于533岁1月在派对室生成了。
超硬度长葱于533岁1月在派对室生成了。
脉动着的弓于533岁1月在派对室生成了。
黄色的项链于533岁1月在巢穴生成了。
刺突型尖桩于533岁1月在巢穴生成了。
钢铁的戒指于533岁1月在巢穴生成了。
《腹切丸》于533岁1月在巢穴生成了。
黄色的项链于533岁1月在森生成了。
弩之链坠于533岁1月在砂丘生成了。
蓝色胶囊于533岁1月在荒野生成了。
蓝色胶囊于533岁1月在平地生成了。
勇气之刃于533岁1月在巢穴生成了。
呻吟着的杖于533岁1月在巢穴生成了。
黑暗混沌之剑于533岁1月在巢穴生成了。
古老的散弹枪于533岁1月在自家生成了。
重力榴弹枪于533岁1月在自家生成了。
巨大的锤于533岁1月在自家生成了。
钢铁的战斧于533岁1月在自家生成了。
赤色的腰带于533岁1月在巢穴生成了。
黄色的项链于533岁1月在巢穴生成了。
刺突型尖桩于533岁1月在巢穴生成了。
赤色装饰的刀于533岁1月在草原生成了。
为风所缠的短剑于533岁1月在派对室生成了。
为风所缠的短剑于533岁1月在派对室生成了。
脉动着的弓于533岁1月在派对室生成了。
脏兮兮的项链于533岁1月在派对室生成了。
为风所缠的短剑于533岁1月在派对室生成了。
脉动着的弓于533岁1月在派对室生成了。
细短剑于533岁1月在自家生成了。
奇怪的奶酪于533岁1月在梅尔卡恩生成了。
脉动着的弓于533岁2月在派对室生成了。
斩击之旋棍于533岁2月在混沌巨城生成了。
白鹰之剑于533岁2月在混沌巨城生成了。
漆黑的镜于533岁2月在39层的大厅生成了。
神圣的宝石于533岁2月在伊尔瓦神立图书馆生成了。
神的诅咒光玉于533岁2月在神之间生成了。
白鹰之剑于533岁2月在神之间生成了。
多枪身回转式机关枪于533岁2月在神之间生成了。
白鹰之剑于533岁2月在乌鲁姆・莱纵生成了。
龙鳞之棍于533岁2月在平地生成了。
猫的尾巴于533岁2月在自家生成了。
旧文明的货币于533岁3月在自家生成了。
古代石币于533岁3月在自家生成了。
地狱之枪斧于533岁3月在巢穴生成了。
黑色的忍刀于533岁3月在巢穴生成了。
黑色的忍刀于533岁3月在巢穴生成了。
龙鳞之棍于533岁3月在巢穴生成了。
高爆手榴弹于533岁3月在草原生成了。
弩之链坠于533岁3月在草原生成了。
