@01 533/2/24 h5 发现道具
弱点之抹杀在混沌之森拿到了☆缠绕暗影的外
套『仁之再生』 [23,7]。

@01 533/2/25 h1 发现道具
坦克笑在冒险课堂拿到了☆堕落的缠绕光芒的
护身符『终结霸者』 (0,2)。

@01 533/2/25 h7 发现道具
虎与永恒在提里斯关所北侧拿到了☆被称作铁
块的石头『统治世界的愤怒』 (1d12)。

@03 533/2/25 h22 任务的完成
银美人任务完成，24的声望获得了。

@01 533/2/25 h22 发现道具
银美人在混沌之矿山拿到了☆金光闪耀的外套
『只有骨头右腕』 [12,8]。

@03 533/2/26 h3 任务的完成
白金之败者任务完成，16的声望获得了。

@01 533/2/26 h4 发现道具
明日女孩在巢穴拿到了☆沉重的守护戒指『流
民・法皇』 [0,3]。

@01 533/2/26 h24 发现道具
白金之败者在隐蔽的工房艾露玛・萨利姆拿到
了☆被称作铁块的重型盾『教皇之精灵』 [0
,17]。

@03 533/2/27 h15 任务的完成
恶魔之骨任务完成，28的声望获得了。

@01 533/2/27 h21 发现道具
虎与永恒在混沌之陵园拿到了☆祝福的连锁的
防护外套『染上黑色的腕』 [8,7]。

@03 533/2/28 h10 任务的完成
冥界之夜明任务完成，13的声望获得了。

@02 533/2/28 h10 新的力量
冥界之夜明积攒了足够的经验，升到22级了。


@03 533/2/28 h12 任务的完成
锤妻任务完成，30的声望获得了。

@03 533/2/28 h20 任务的完成
王贵妇人任务完成，11的声望获得了。

@01 533/2/29 h2 发现道具
明天之逃亡者在混沌之城《破坏》拿到了☆艳
丽的羽帽『早晨世界』 [3,0]。

@02 533/2/29 h18 新的力量
虎与永恒积攒了足够的经验，升到75级了。


@03 533/2/30 h18 任务的完成
狂人之魔族任务完成，8的声望获得了。

@01 533/2/30 h20 发现道具
坦克笑在混沌之湖拿到了☆来自异国的长剑『
真・星尘』 (2d7+1)(4)。

@01 533/3/2 h15 发现道具
银美人在混沌之城《机皇》拿到了☆缠绕光芒
的连弩『服从于命运的微笑』 (7d6+3)(3)。


@01 533/3/2 h20 发现道具
虐杀的物语在不归之巢窟拿到了☆祝福的梦幻
的重型护手『白月』 (4,0) [3,0]。

@03 533/3/2 h21 任务的完成
献出父亲可爱任务完成，19的声望获得了。


@01 533/3/3 h12 发现道具
狂人之魔族在莱米伊德遗迹拿到了☆被称作铁
块的盾『那位之贵族』 [0,12]。

@02 533/3/6 h5 新的力量
天使白积攒了足够的经验，升到28级了。

@01 533/3/6 h22 发现道具
锤妻在不归之巢窟拿到了☆粉碎黑暗的环甲『
炼金师之大剑』 [5,26]。

@03 533/3/6 h23 任务的完成
永远飞行任务完成，48的声望获得了。

@01 533/3/8 h2 发现道具
昨日地平线在妹之馆拿到了☆被称作铁块的长
棒『喜欢龙的拂晓』 (2d7+2)(3) [1,0]。

@03 533/3/9 h15 任务的完成
受诅咒的领导者任务完成，31的声望获得了。


@01 533/3/9 h16 发现道具
真・巨兽在监狱拿到了☆粉碎黑暗的合金戒指
『逃亡者之微热』 (0,1)。

@02 533/3/11 h3 新的力量
猎杀小狗的王子积攒了足够的经验，升到27级
了。

@03 533/3/13 h13 任务的完成
哭泣父任务完成，34的声望获得了。

@01 533/3/13 h18 发现道具
射手之血在米拉鲁・盖罗克工房拿到了☆诅咒
的缠绕光芒的弩箭矢『窃贼之纯白』 (1d13)
(4)。

@03 533/3/14 h4 任务的完成
怪人之完好无损任务完成，48的声望获得了。


@03 533/3/14 h18 任务的完成
违背命运的幻任务完成，27的声望获得了。


@01 533/3/14 h24 发现道具
射手之血在米拉鲁・盖罗克工房拿到了☆堕落
的沉重的骨弓『恶之父』 (1d20+3)(-6)。

@02 533/3/14 h24 新的力量
王贵妇人积攒了足够的经验，升到29级了。


@03 533/3/15 h16 任务的完成
白金之败者任务完成，45的声望获得了。

@01 533/3/15 h16 发现道具
白金之败者在莱米伊德遗迹拿到了☆缠绕光芒
的子弹『跳着舞妖怪』 (2d3+1)(7)。

@02 533/3/15 h17 新的力量
坦克笑积攒了足够的经验，升到29级了。

@03 533/3/17 h8 任务的完成
天使白任务完成，17的声望获得了。

@02 533/3/17 h17 新的力量
子夜伤感积攒了足够的经验，升到30级了。


@01 533/3/18 h14 发现道具
永远飞行在不归之湖拿到了☆沉重的合金盔『
徘徊的常暗』 [-1,11]。

@01 533/3/20 h6 发现道具
真・巨兽在****拿到了☆高贵的合成腰带『享
受钓鱼的右腕』 [0,2]。

@01 533/3/20 h24 发现道具
真・巨兽在****拿到了☆祝福的绽放异彩的大
剑『恶魔般的血痕』 (3d10+9)(2)。

@01 533/3/21 h5 发现道具
永远飞行在混沌之塔拿到了☆赤红如血的袜子
『仙人之以前』 (1d13+16)(10)。

@01 533/3/21 h12 发现道具
雪之卖国奴在混沌之洞窟拿到了☆梦幻的合金
盔『停止完全』 [6,0]。

@01 533/3/22 h16 发现道具
疯狂母牛在混沌之矿山拿到了☆历史悠久的连
弩『高贵的天才』 (7d6+4)(3)。

@01 533/3/23 h2 发现道具
无法停下违背道德在混沌之矿山拿到了☆包覆
一切的防弹衣『大义之白昼』 [19,10]。

@01 533/3/23 h7 发现道具
虐杀的物语在北提里斯拿到了☆诅咒的艳丽的
精灵帽『爱上动物的共鸣』 [5,1]。

@01 533/3/23 h17 发现道具
虐杀的物语在混沌之城《地狱》拿到了☆缠绕
光芒的散弹枪『染上了银色的消失』 (4d12+
5)(9)。

@01 533/3/25 h8 发现道具
王贵妇人在混沌之陵园拿到了☆乱来的刀『乱
交之姐姐』 (4d4-4)。

@01 533/3/26 h5 发现道具
真・巨兽在鲁奥萨拿到了☆被称作铁块的短弓
『陨石之老千』 (3d6+1)(9)。

